<?xml version="1.0" encoding="UTF-8"?>
<!-- Generated by org.testng.reporters.JUnitReportReporter -->
<testsuite hostname="DESKTOP-RN9H6QU" failures="0" tests="2" name="Lab7DemoTest" time="46.272" errors="0" timestamp="2023-07-17T17:51:52 ICT" skipped="0">
  <testcase classname="Lab7DemoTest" name="TC01_LoginFirstAccount" time="20.153"/>
  <system-out/>
  <testcase classname="Lab7DemoTest" name="TC02_LoginSecondAccount" time="26.119"/>
  <system-out/>
</testsuite> <!-- Lab7DemoTest -->
